#
# There is insufficient memory for the Java Runtime Environment to continue.
# Native memory allocation (malloc) failed to allocate 1048576 bytes. Error detail: AllocateHeap
# Possible reasons:
#   The system is out of physical RAM or swap space
#   This process is running with CompressedOops enabled, and the Java Heap may be blocking the growth of the native heap
# Possible solutions:
#   Reduce memory load on the system
#   Increase physical memory or swap space
#   Check if swap backing store is full
#   Decrease Java heap size (-Xmx/-Xms)
#   Decrease number of Java threads
#   Decrease Java thread stack sizes (-Xss)
#   Set larger code cache with -XX:ReservedCodeCacheSize=
#   JVM is running with Unscaled Compressed Oops mode in which the Java heap is
#     placed in the first 4GB address space. The Java Heap base address is the
#     maximum limit for the native heap growth. Please use -XX:HeapBaseMinAddress
#     to set the Java Heap base and to place the Java Heap above 4GB virtual address.
# This output file may be truncated or incomplete.
#
#  Out of Memory Error (allocation.cpp:44), pid=14292, tid=6500
#
# JRE version: OpenJDK Runtime Environment Temurin-21.0.8+9 (21.0.8+9) (build 21.0.8+9-LTS)
# Java VM: OpenJDK 64-Bit Server VM Temurin-21.0.8+9 (21.0.8+9-LTS, mixed mode, sharing, tiered, compressed oops, compressed class ptrs, parallel gc, windows-amd64)
# No core dump will be written. Minidumps are not enabled by default on client versions of Windows
#

---------------  S U M M A R Y ------------

Command Line: --add-modules=ALL-SYSTEM --add-opens=java.base/java.util=ALL-UNNAMED --add-opens=java.base/java.lang=ALL-UNNAMED --add-opens=java.base/sun.nio.fs=ALL-UNNAMED -Declipse.application=org.eclipse.jdt.ls.core.id1 -Dosgi.bundles.defaultStartLevel=4 -Declipse.product=org.eclipse.jdt.ls.core.product -Djava.import.generatesMetadataFilesAtProjectRoot=false -DDetectVMInstallationsJob.disabled=true -Dfile.encoding=utf8 -XX:+UseParallelGC -XX:GCTimeRatio=4 -XX:AdaptiveSizePolicyWeight=90 -Dsun.zip.disableMemoryMapping=true -Xmx2G -Xms100m -Xlog:disable -javaagent:c:\Users\rooba\.vscode\extensions\redhat.java-1.46.0-win32-x64\lombok\lombok-1.18.39-4050.jar -XX:+HeapDumpOnOutOfMemoryError -XX:HeapDumpPath=c:\Users\rooba\AppData\Roaming\Code\User\workspaceStorage\24b7f209f58478b4f768c47abc3bd33f\redhat.java -Daether.dependencyCollector.impl=bf c:\Users\rooba\.vscode\extensions\redhat.java-1.46.0-win32-x64\server\plugins\org.eclipse.equinox.launcher_1.7.0.v20250519-0528.jar -configuration c:\Users\rooba\AppData\Roaming\Code\User\globalStorage\redhat.java\1.46.0\config_win -data c:\Users\rooba\AppData\Roaming\Code\User\workspaceStorage\24b7f209f58478b4f768c47abc3bd33f\redhat.java\jdt_ws --pipe=\\.\pipe\lsp-9e5b0c8af115db13382bd4307efebf19-sock

Host: AMD Ryzen 5 5625U with Radeon Graphics         , 12 cores, 7G,  Windows 11 , 64 bit Build 26100 (10.0.26100.6725)
Time: Thu Oct 16 17:55:55 2025 India Standard Time elapsed time: 23990.040981 seconds (0d 6h 39m 50s)

---------------  T H R E A D  ---------------

Current thread (0x000001f770e21f90):  JavaThread "Attach Listener" daemon [_thread_in_vm, id=6500, stack(0x000000c365b00000,0x000000c365c00000) (1024K)]

Stack: [0x000000c365b00000,0x000000c365c00000]
Native frames: (J=compiled Java code, j=interpreted, Vv=VM code, C=native code)
V  [jvm.dll+0x6d2449]
V  [jvm.dll+0x8ae341]
V  [jvm.dll+0x8b08be]
V  [jvm.dll+0x8b0fa3]
V  [jvm.dll+0x280c96]
V  [jvm.dll+0xc0347]
V  [jvm.dll+0x6d2cf9]
V  [jvm.dll+0x131116]
V  [jvm.dll+0x3f2d16]
V  [jvm.dll+0x857e6b]
V  [jvm.dll+0x6d0b0d]
C  [ucrtbase.dll+0x37b0]
C  [KERNEL32.DLL+0x2e8d7]
C  [ntdll.dll+0x8c53c]


---------------  P R O C E S S  ---------------

Threads class SMR info:
_java_thread_list=0x000001f77af23bd0, length=39, elements={
0x000001f717f6c3d0, 0x000001f718009400, 0x000001f72e9fe910, 0x000001f71800f340,
0x000001f770e21f90, 0x000001f718015750, 0x000001f7180197d0, 0x000001f770e23b30,
0x000001f770e295e0, 0x000001f770ef1aa0, 0x000001f7710f1c70, 0x000001f7766995b0,
0x000001f776a457e0, 0x000001f770e573d0, 0x000001f770e57e00, 0x000001f776f626e0,
0x000001f77630d7b0, 0x000001f77672cdb0, 0x000001f77672dad0, 0x000001f77672e160,
0x000001f77672d440, 0x000001f7762d0ce0, 0x000001f7762d0650, 0x000001f7762cf930,
0x000001f7762ce580, 0x000001f7762cdef0, 0x000001f7762cec10, 0x000001f7762d1a00,
0x000001f7762cffc0, 0x000001f7762d2090, 0x000001f7762d2720, 0x000001f7762cf2a0,
0x000001f7762d2db0, 0x000001f7762d3ad0, 0x000001f7762d4160, 0x000001f7762d4e80,
0x000001f7762d47f0, 0x000001f7762d5510, 0x000001f776b35a60
}

Java Threads: ( => current thread )
  0x000001f717f6c3d0 JavaThread "main"                              [_thread_blocked, id=27400, stack(0x000000c365400000,0x000000c365500000) (1024K)]
  0x000001f718009400 JavaThread "Reference Handler"          daemon [_thread_blocked, id=932, stack(0x000000c365800000,0x000000c365900000) (1024K)]
  0x000001f72e9fe910 JavaThread "Finalizer"                  daemon [_thread_blocked, id=5352, stack(0x000000c365900000,0x000000c365a00000) (1024K)]
  0x000001f71800f340 JavaThread "Signal Dispatcher"          daemon [_thread_blocked, id=10168, stack(0x000000c365a00000,0x000000c365b00000) (1024K)]
=>0x000001f770e21f90 JavaThread "Attach Listener"            daemon [_thread_in_vm, id=6500, stack(0x000000c365b00000,0x000000c365c00000) (1024K)]
  0x000001f718015750 JavaThread "Service Thread"             daemon [_thread_blocked, id=11240, stack(0x000000c365c00000,0x000000c365d00000) (1024K)]
  0x000001f7180197d0 JavaThread "Monitor Deflation Thread"   daemon [_thread_blocked, id=25324, stack(0x000000c365d00000,0x000000c365e00000) (1024K)]
  0x000001f770e23b30 JavaThread "C2 CompilerThread0"         daemon [_thread_blocked, id=14444, stack(0x000000c365e00000,0x000000c365f00000) (1024K)]
  0x000001f770e295e0 JavaThread "C1 CompilerThread0"         daemon [_thread_blocked, id=5924, stack(0x000000c365f00000,0x000000c366000000) (1024K)]
  0x000001f770ef1aa0 JavaThread "Common-Cleaner"             daemon [_thread_blocked, id=18992, stack(0x000000c366000000,0x000000c366100000) (1024K)]
  0x000001f7710f1c70 JavaThread "Notification Thread"        daemon [_thread_blocked, id=3808, stack(0x000000c366200000,0x000000c366300000) (1024K)]
  0x000001f7766995b0 JavaThread "Active Thread: Equinox Container: b5663710-7a0d-4d17-8c1e-a634f39f8d78"        [_thread_blocked, id=20112, stack(0x000000c366900000,0x000000c366a00000) (1024K)]
  0x000001f776a457e0 JavaThread "Refresh Thread: Equinox Container: b5663710-7a0d-4d17-8c1e-a634f39f8d78" daemon [_thread_blocked, id=27552, stack(0x000000c366a00000,0x000000c366b00000) (1024K)]
  0x000001f770e573d0 JavaThread "Framework Event Dispatcher: Equinox Container: b5663710-7a0d-4d17-8c1e-a634f39f8d78" daemon [_thread_blocked, id=10792, stack(0x000000c366b00000,0x000000c366c00000) (1024K)]
  0x000001f770e57e00 JavaThread "Start Level: Equinox Container: b5663710-7a0d-4d17-8c1e-a634f39f8d78" daemon [_thread_blocked, id=9260, stack(0x000000c366c00000,0x000000c366d00000) (1024K)]
  0x000001f776f626e0 JavaThread "Bundle File Closer"         daemon [_thread_blocked, id=9924, stack(0x000000c367000000,0x000000c367100000) (1024K)]
  0x000001f77630d7b0 JavaThread "SCR Component Actor"        daemon [_thread_blocked, id=6656, stack(0x000000c366d00000,0x000000c366e00000) (1024K)]
  0x000001f77672cdb0 JavaThread "Worker-JM"                         [_thread_blocked, id=28716, stack(0x000000c367100000,0x000000c367200000) (1024K)]
  0x000001f77672dad0 JavaThread "JNA Cleaner"                daemon [_thread_blocked, id=14900, stack(0x000000c367200000,0x000000c367300000) (1024K)]
  0x000001f77672e160 JavaThread "Java indexing"              daemon [_thread_blocked, id=19080, stack(0x000000c367600000,0x000000c367700000) (1024K)]
  0x000001f77672d440 JavaThread "Worker-2"                          [_thread_blocked, id=12620, stack(0x000000c367700000,0x000000c367800000) (1024K)]
  0x000001f7762d0ce0 JavaThread "Worker-3"                          [_thread_blocked, id=5088, stack(0x000000c367a00000,0x000000c367b00000) (1024K)]
  0x000001f7762d0650 JavaThread "Thread-1"                   daemon [_thread_in_native, id=5848, stack(0x000000c367c00000,0x000000c367d00000) (1024K)]
  0x000001f7762cf930 JavaThread "Thread-2"                   daemon [_thread_in_native, id=8620, stack(0x000000c367d00000,0x000000c367e00000) (1024K)]
  0x000001f7762ce580 JavaThread "Thread-3"                   daemon [_thread_in_native, id=28028, stack(0x000000c367e00000,0x000000c367f00000) (1024K)]
  0x000001f7762cdef0 JavaThread "Thread-4"                   daemon [_thread_in_native, id=23140, stack(0x000000c367f00000,0x000000c368000000) (1024K)]
  0x000001f7762cec10 JavaThread "Thread-5"                   daemon [_thread_in_native, id=3908, stack(0x000000c368000000,0x000000c368100000) (1024K)]
  0x000001f7762d1a00 JavaThread "Thread-6"                   daemon [_thread_in_native, id=17076, stack(0x000000c368100000,0x000000c368200000) (1024K)]
  0x000001f7762cffc0 JavaThread "Thread-7"                   daemon [_thread_in_native, id=16324, stack(0x000000c368200000,0x000000c368300000) (1024K)]
  0x000001f7762d2090 JavaThread "Thread-8"                   daemon [_thread_in_native, id=26040, stack(0x000000c368300000,0x000000c368400000) (1024K)]
  0x000001f7762d2720 JavaThread "Thread-9"                   daemon [_thread_in_native, id=14816, stack(0x000000c368400000,0x000000c368500000) (1024K)]
  0x000001f7762cf2a0 JavaThread "Thread-10"                  daemon [_thread_in_native, id=18916, stack(0x000000c368500000,0x000000c368600000) (1024K)]
  0x000001f7762d2db0 JavaThread "Thread-11"                  daemon [_thread_in_native, id=16440, stack(0x000000c368600000,0x000000c368700000) (1024K)]
  0x000001f7762d3ad0 JavaThread "Thread-12"                  daemon [_thread_in_native, id=29644, stack(0x000000c368700000,0x000000c368800000) (1024K)]
  0x000001f7762d4160 JavaThread "Thread-13"                  daemon [_thread_in_native, id=4992, stack(0x000000c368800000,0x000000c368900000) (1024K)]
  0x000001f7762d4e80 JavaThread "pool-2-thread-1"                   [_thread_blocked, id=9332, stack(0x000000c368900000,0x000000c368a00000) (1024K)]
  0x000001f7762d47f0 JavaThread "WorkspaceEventsHandler"            [_thread_blocked, id=13304, stack(0x000000c368a00000,0x000000c368b00000) (1024K)]
  0x000001f7762d5510 JavaThread "pool-1-thread-1"                   [_thread_blocked, id=19428, stack(0x000000c368b00000,0x000000c368c00000) (1024K)]
  0x000001f776b35a60 JavaThread "Cleaner-0"                  daemon [_thread_blocked, id=19936, stack(0x000000c369d00000,0x000000c369e00000) (1024K)]
Total: 39

Other Threads:
  0x000001f72e9e4b30 VMThread "VM Thread"                           [id=28784, stack(0x000000c365700000,0x000000c365800000) (1024K)]
  0x000001f72e8dcb20 WatcherThread "VM Periodic Task Thread"        [id=24564, stack(0x000000c365600000,0x000000c365700000) (1024K)]
  0x000001f717f7d9f0 WorkerThread "GC Thread#0"                     [id=10928, stack(0x000000c365500000,0x000000c365600000) (1024K)]
  0x000001f776177ec0 WorkerThread "GC Thread#1"                     [id=18148, stack(0x000000c366300000,0x000000c366400000) (1024K)]
  0x000001f776178260 WorkerThread "GC Thread#2"                     [id=27620, stack(0x000000c366400000,0x000000c366500000) (1024K)]
  0x000001f7766b1050 WorkerThread "GC Thread#3"                     [id=19580, stack(0x000000c366500000,0x000000c366600000) (1024K)]
  0x000001f7766b13f0 WorkerThread "GC Thread#4"                     [id=21536, stack(0x000000c366600000,0x000000c366700000) (1024K)]
  0x000001f776857660 WorkerThread "GC Thread#5"                     [id=21292, stack(0x000000c366700000,0x000000c366800000) (1024K)]
  0x000001f776857a00 WorkerThread "GC Thread#6"                     [id=27516, stack(0x000000c366800000,0x000000c366900000) (1024K)]
  0x000001f77699e870 WorkerThread "GC Thread#7"                     [id=16436, stack(0x000000c366100000,0x000000c366200000) (1024K)]
  0x000001f7762b72d0 WorkerThread "GC Thread#8"                     [id=19848, stack(0x000000c366e00000,0x000000c366f00000) (1024K)]
  0x000001f7760fef60 WorkerThread "GC Thread#9"                     [id=27276, stack(0x000000c366f00000,0x000000c367000000) (1024K)]
Total: 12

Threads with active compile tasks:
Total: 0

VM state: not at safepoint (normal execution)

VM Mutex/Monitor currently owned by a thread: None

Heap address: 0x0000000080000000, size: 2048 MB, Compressed Oops mode: 32-bit

CDS archive(s) mapped at: [0x000001f72f000000-0x000001f72fba0000-0x000001f72fba0000), size 12189696, SharedBaseAddress: 0x000001f72f000000, ArchiveRelocationMode: 1.
Compressed class space mapped at: 0x000001f730000000-0x000001f770000000, reserved size: 1073741824
Narrow klass base: 0x000001f72f000000, Narrow klass shift: 0, Narrow klass range: 0x100000000

GC Precious Log:
 CardTable entry size: 512
 CPUs: 12 total, 12 available
 Memory: 7520M
 Large Page Support: Disabled
 NUMA Support: Disabled
 Compressed Oops: Enabled (32-bit)
 Alignments: Space 512K, Generation 512K, Heap 2M
 Heap Min Capacity: 100M
 Heap Initial Capacity: 100M
 Heap Max Capacity: 2G
 Pre-touch: Disabled
 Parallel Workers: 10

Heap:
 PSYoungGen      total 6144K, used 5703K [0x00000000d5580000, 0x00000000d6100000, 0x0000000100000000)
  eden space 5120K, 99% used [0x00000000d5580000,0x00000000d5a75ec8,0x00000000d5a80000)
  from space 1024K, 60% used [0x00000000d6000000,0x00000000d609c010,0x00000000d6100000)
  to   space 1536K, 0% used [0x00000000d5e00000,0x00000000d5e00000,0x00000000d5f80000)
 ParOldGen       total 194560K, used 194364K [0x0000000080000000, 0x000000008be00000, 0x00000000d5580000)
  object space 194560K, 99% used [0x0000000080000000,0x000000008bdcf270,0x000000008be00000)
 Metaspace       used 70525K, committed 72192K, reserved 1114112K
  class space    used 7358K, committed 8128K, reserved 1048576K

Card table byte_map: [0x000001f717900000,0x000001f717d10000] _byte_map_base: 0x000001f717500000

Marking Bits: (ParMarkBitMap*) 0x00007ffda747a340
 Begin Bits: [0x000001f72a400000, 0x000001f72c400000)
 End Bits:   [0x000001f72c400000, 0x000001f72e400000)

Polling page: 0x000001f715f40000

Metaspace:

Usage:
  Non-class:     61.69 MB used.
      Class:      7.19 MB used.
       Both:     68.87 MB used.

Virtual space:
  Non-class space:       64.00 MB reserved,      62.56 MB ( 98%) committed,  1 nodes.
      Class space:        1.00 GB reserved,       7.94 MB ( <1%) committed,  1 nodes.
             Both:        1.06 GB reserved,      70.50 MB (  6%) committed. 

Chunk freelists:
   Non-Class:  1.14 MB
       Class:  8.06 MB
        Both:  9.20 MB

MaxMetaspaceSize: unlimited
CompressedClassSpaceSize: 1.00 GB
Initial GC threshold: 21.00 MB
Current GC threshold: 97.31 MB
CDS: on
 - commit_granule_bytes: 65536.
 - commit_granule_words: 8192.
 - virtual_space_node_default_size: 8388608.
 - enlarge_chunks_in_place: 1.
 - use_allocation_guard: 0.


Internal statistics:

num_allocs_failed_limit: 9.
num_arena_births: 1368.
num_arena_deaths: 14.
num_vsnodes_births: 2.
num_vsnodes_deaths: 0.
num_space_committed: 1128.
num_space_uncommitted: 0.
num_chunks_returned_to_freelist: 23.
num_chunks_taken_from_freelist: 4775.
num_chunk_merges: 15.
num_chunk_splits: 2908.
num_chunks_enlarged: 1585.
num_inconsistent_stats: 0.

CodeHeap 'non-profiled nmethods': size=120000Kb used=10223Kb max_used=10223Kb free=109776Kb
 bounds [0x000001f722c20000, 0x000001f723620000, 0x000001f72a150000]
CodeHeap 'profiled nmethods': size=120000Kb used=29942Kb max_used=29942Kb free=90057Kb
 bounds [0x000001f71b150000, 0x000001f71ce90000, 0x000001f722680000]
CodeHeap 'non-nmethods': size=5760Kb used=1459Kb max_used=1566Kb free=4300Kb
 bounds [0x000001f722680000, 0x000001f7228f0000, 0x000001f722c20000]
CodeCache: size=245760Kb, used=41624Kb, max_used=41731Kb, free=204133Kb
 total_blobs=13626, nmethods=12844, adapters=685, full_count=0
Compilation: enabled, stopped_count=0, restarted_count=0

Compilation events (20 events):
Event: 17407.213 Thread 0x000001f770e295e0 13652       3       org.eclipse.core.internal.jobs.JobManager::lifeTimeInMs (19 bytes)
Event: 17407.231 Thread 0x000001f770e295e0 nmethod 13652 0x000001f71ce8c510 code [0x000001f71ce8c6c0, 0x000001f71ce8c8e8]
Event: 19567.235 Thread 0x000001f770e23b30 13653       4       java.util.HashMap$Node::setValue (12 bytes)
Event: 19567.244 Thread 0x000001f770e23b30 nmethod 13653 0x000001f723617d90 code [0x000001f723617f20, 0x000001f723617fc8]
Event: 20369.028 Thread 0x000001f770e23b30 13654   !   4       java.util.concurrent.locks.AbstractQueuedSynchronizer::acquire (424 bytes)
Event: 20369.193 Thread 0x000001f770e23b30 nmethod 13654 0x000001f723618090 code [0x000001f723618300, 0x000001f7236192d8]
Event: 20528.942 Thread 0x000001f770e23b30 13655       4       java.util.concurrent.ScheduledThreadPoolExecutor$ScheduledFutureTask::getDelay (16 bytes)
Event: 20528.952 Thread 0x000001f770e23b30 nmethod 13655 0x000001f723619c90 code [0x000001f723619e40, 0x000001f723619fd8]
Event: 21521.154 Thread 0x000001f770e23b30 13656       4       java.util.concurrent.locks.AbstractQueuedSynchronizer$Node::clearStatus (12 bytes)
Event: 21521.170 Thread 0x000001f770e23b30 nmethod 13656 0x000001f72361a190 code [0x000001f72361a320, 0x000001f72361a3b0]
Event: 22267.501 Thread 0x000001f770e295e0 13657       3       java.lang.invoke.LambdaForm$MH/0x000001f73022b000::linkToTargetMethod (13 bytes)
Event: 22267.510 Thread 0x000001f770e295e0 nmethod 13657 0x000001f71ce8ca10 code [0x000001f71ce8cbe0, 0x000001f71ce8ce98]
Event: 22267.510 Thread 0x000001f770e295e0 13658       3       java.lang.invoke.LambdaForm$DMH/0x000001f73022a800::newInvokeSpecial (30 bytes)
Event: 22267.518 Thread 0x000001f770e295e0 nmethod 13658 0x000001f71ce8cf90 code [0x000001f71ce8d180, 0x000001f71ce8d748]
Event: 22303.137 Thread 0x000001f770e23b30 13659       4       java.util.concurrent.locks.AbstractQueuedSynchronizer$Node::getAndUnsetStatus (14 bytes)
Event: 22309.583 Thread 0x000001f770e23b30 nmethod 13659 0x000001f72361a490 code [0x000001f72361a620, 0x000001f72361a6f0]
Event: 23167.599 Thread 0x000001f770e23b30 13660       4       org.eclipse.core.internal.utils.StringPool::add (50 bytes)
Event: 23167.776 Thread 0x000001f770e23b30 nmethod 13660 0x000001f72361a790 code [0x000001f72361a9e0, 0x000001f72361b300]
Event: 23251.839 Thread 0x000001f770e23b30 13661   !   4       java.util.concurrent.locks.LockSupport::parkNanos (56 bytes)
Event: 23251.851 Thread 0x000001f770e23b30 nmethod 13661 0x000001f72361ba90 code [0x000001f72361bc40, 0x000001f72361bdb8]

GC Heap History (20 events):
Event: 69.727 GC heap before
{Heap before GC invocations=116 (full 3):
 PSYoungGen      total 13312K, used 13140K [0x00000000d5580000, 0x00000000d6480000, 0x0000000100000000)
  eden space 12800K, 100% used [0x00000000d5580000,0x00000000d6200000,0x00000000d6200000)
  from space 512K, 66% used [0x00000000d6400000,0x00000000d6455200,0x00000000d6480000)
  to   space 1024K, 0% used [0x00000000d6280000,0x00000000d6280000,0x00000000d6380000)
 ParOldGen       total 182272K, used 182100K [0x0000000080000000, 0x000000008b200000, 0x00000000d5580000)
  object space 182272K, 99% used [0x0000000080000000,0x000000008b1d50c8,0x000000008b200000)
 Metaspace       used 68981K, committed 70592K, reserved 1114112K
  class space    used 7251K, committed 7936K, reserved 1048576K
}
Event: 69.729 GC heap after
{Heap after GC invocations=116 (full 3):
 PSYoungGen      total 13824K, used 544K [0x00000000d5580000, 0x00000000d6480000, 0x0000000100000000)
  eden space 12800K, 0% used [0x00000000d5580000,0x00000000d5580000,0x00000000d6200000)
  from space 1024K, 53% used [0x00000000d6280000,0x00000000d6308000,0x00000000d6380000)
  to   space 1024K, 0% used [0x00000000d6380000,0x00000000d6380000,0x00000000d6480000)
 ParOldGen       total 182272K, used 182220K [0x0000000080000000, 0x000000008b200000, 0x00000000d5580000)
  object space 182272K, 99% used [0x0000000080000000,0x000000008b1f30c8,0x000000008b200000)
 Metaspace       used 68981K, committed 70592K, reserved 1114112K
  class space    used 7251K, committed 7936K, reserved 1048576K
}
Event: 69.900 GC heap before
{Heap before GC invocations=117 (full 3):
 PSYoungGen      total 13824K, used 13344K [0x00000000d5580000, 0x00000000d6480000, 0x0000000100000000)
  eden space 12800K, 100% used [0x00000000d5580000,0x00000000d6200000,0x00000000d6200000)
  from space 1024K, 53% used [0x00000000d6280000,0x00000000d6308000,0x00000000d6380000)
  to   space 1024K, 0% used [0x00000000d6380000,0x00000000d6380000,0x00000000d6480000)
 ParOldGen       total 182272K, used 182220K [0x0000000080000000, 0x000000008b200000, 0x00000000d5580000)
  object space 182272K, 99% used [0x0000000080000000,0x000000008b1f30c8,0x000000008b200000)
 Metaspace       used 69103K, committed 70720K, reserved 1114112K
  class space    used 7259K, committed 8000K, reserved 1048576K
}
Event: 69.902 GC heap after
{Heap after GC invocations=117 (full 3):
 PSYoungGen      total 13824K, used 568K [0x00000000d5580000, 0x00000000d6480000, 0x0000000100000000)
  eden space 12800K, 0% used [0x00000000d5580000,0x00000000d5580000,0x00000000d6200000)
  from space 1024K, 55% used [0x00000000d6380000,0x00000000d640e110,0x00000000d6480000)
  to   space 1024K, 0% used [0x00000000d6280000,0x00000000d6280000,0x00000000d6380000)
 ParOldGen       total 182784K, used 182484K [0x0000000080000000, 0x000000008b280000, 0x00000000d5580000)
  object space 182784K, 99% used [0x0000000080000000,0x000000008b235148,0x000000008b280000)
 Metaspace       used 69103K, committed 70720K, reserved 1114112K
  class space    used 7259K, committed 8000K, reserved 1048576K
}
Event: 74.843 GC heap before
{Heap before GC invocations=118 (full 3):
 PSYoungGen      total 13824K, used 13368K [0x00000000d5580000, 0x00000000d6480000, 0x0000000100000000)
  eden space 12800K, 100% used [0x00000000d5580000,0x00000000d6200000,0x00000000d6200000)
  from space 1024K, 55% used [0x00000000d6380000,0x00000000d640e110,0x00000000d6480000)
  to   space 1024K, 0% used [0x00000000d6280000,0x00000000d6280000,0x00000000d6380000)
 ParOldGen       total 182784K, used 182484K [0x0000000080000000, 0x000000008b280000, 0x00000000d5580000)
  object space 182784K, 99% used [0x0000000080000000,0x000000008b235148,0x000000008b280000)
 Metaspace       used 69267K, committed 70912K, reserved 1114112K
  class space    used 7267K, committed 8000K, reserved 1048576K
}
Event: 74.845 GC heap after
{Heap after GC invocations=118 (full 3):
 PSYoungGen      total 13824K, used 996K [0x00000000d5580000, 0x00000000d6500000, 0x0000000100000000)
  eden space 12800K, 0% used [0x00000000d5580000,0x00000000d5580000,0x00000000d6200000)
  from space 1024K, 97% used [0x00000000d6280000,0x00000000d6379230,0x00000000d6380000)
  to   space 1536K, 0% used [0x00000000d6380000,0x00000000d6380000,0x00000000d6500000)
 ParOldGen       total 182784K, used 182747K [0x0000000080000000, 0x000000008b280000, 0x00000000d5580000)
  object space 182784K, 99% used [0x0000000080000000,0x000000008b276d48,0x000000008b280000)
 Metaspace       used 69267K, committed 70912K, reserved 1114112K
  class space    used 7267K, committed 8000K, reserved 1048576K
}
Event: 75.039 GC heap before
{Heap before GC invocations=119 (full 3):
 PSYoungGen      total 13824K, used 13796K [0x00000000d5580000, 0x00000000d6500000, 0x0000000100000000)
  eden space 12800K, 100% used [0x00000000d5580000,0x00000000d6200000,0x00000000d6200000)
  from space 1024K, 97% used [0x00000000d6280000,0x00000000d6379230,0x00000000d6380000)
  to   space 1536K, 0% used [0x00000000d6380000,0x00000000d6380000,0x00000000d6500000)
 ParOldGen       total 182784K, used 182747K [0x0000000080000000, 0x000000008b280000, 0x00000000d5580000)
  object space 182784K, 99% used [0x0000000080000000,0x000000008b276d48,0x000000008b280000)
 Metaspace       used 69392K, committed 71040K, reserved 1114112K
  class space    used 7268K, committed 8000K, reserved 1048576K
}
Event: 75.042 GC heap after
{Heap after GC invocations=119 (full 3):
 PSYoungGen      total 14336K, used 1396K [0x00000000d5580000, 0x00000000d6500000, 0x0000000100000000)
  eden space 12800K, 0% used [0x00000000d5580000,0x00000000d5580000,0x00000000d6200000)
  from space 1536K, 90% used [0x00000000d6380000,0x00000000d64dd220,0x00000000d6500000)
  to   space 1536K, 0% used [0x00000000d6200000,0x00000000d6200000,0x00000000d6380000)
 ParOldGen       total 183808K, used 183635K [0x0000000080000000, 0x000000008b380000, 0x00000000d5580000)
  object space 183808K, 99% used [0x0000000080000000,0x000000008b354e98,0x000000008b380000)
 Metaspace       used 69392K, committed 71040K, reserved 1114112K
  class space    used 7268K, committed 8000K, reserved 1048576K
}
Event: 113.216 GC heap before
{Heap before GC invocations=120 (full 3):
 PSYoungGen      total 14336K, used 14196K [0x00000000d5580000, 0x00000000d6500000, 0x0000000100000000)
  eden space 12800K, 100% used [0x00000000d5580000,0x00000000d6200000,0x00000000d6200000)
  from space 1536K, 90% used [0x00000000d6380000,0x00000000d64dd220,0x00000000d6500000)
  to   space 1536K, 0% used [0x00000000d6200000,0x00000000d6200000,0x00000000d6380000)
 ParOldGen       total 183808K, used 183635K [0x0000000080000000, 0x000000008b380000, 0x00000000d5580000)
  object space 183808K, 99% used [0x0000000080000000,0x000000008b354e98,0x000000008b380000)
 Metaspace       used 69671K, committed 71296K, reserved 1114112K
  class space    used 7276K, committed 8000K, reserved 1048576K
}
Event: 113.221 GC heap after
{Heap after GC invocations=120 (full 3):
 PSYoungGen      total 14336K, used 1199K [0x00000000d5580000, 0x00000000d6500000, 0x0000000100000000)
  eden space 12800K, 0% used [0x00000000d5580000,0x00000000d5580000,0x00000000d6200000)
  from space 1536K, 78% used [0x00000000d6200000,0x00000000d632bf60,0x00000000d6380000)
  to   space 1536K, 0% used [0x00000000d6380000,0x00000000d6380000,0x00000000d6500000)
 ParOldGen       total 185344K, used 184927K [0x0000000080000000, 0x000000008b500000, 0x00000000d5580000)
  object space 185344K, 99% used [0x0000000080000000,0x000000008b497f40,0x000000008b500000)
 Metaspace       used 69671K, committed 71296K, reserved 1114112K
  class space    used 7276K, committed 8000K, reserved 1048576K
}
Event: 113.371 GC heap before
{Heap before GC invocations=121 (full 3):
 PSYoungGen      total 14336K, used 13999K [0x00000000d5580000, 0x00000000d6500000, 0x0000000100000000)
  eden space 12800K, 100% used [0x00000000d5580000,0x00000000d6200000,0x00000000d6200000)
  from space 1536K, 78% used [0x00000000d6200000,0x00000000d632bf60,0x00000000d6380000)
  to   space 1536K, 0% used [0x00000000d6380000,0x00000000d6380000,0x00000000d6500000)
 ParOldGen       total 185344K, used 184927K [0x0000000080000000, 0x000000008b500000, 0x00000000d5580000)
  object space 185344K, 99% used [0x0000000080000000,0x000000008b497f40,0x000000008b500000)
 Metaspace       used 69753K, committed 71424K, reserved 1114112K
  class space    used 7281K, committed 8000K, reserved 1048576K
}
Event: 113.374 GC heap after
{Heap after GC invocations=121 (full 3):
 PSYoungGen      total 14336K, used 1348K [0x00000000d5580000, 0x00000000d6500000, 0x0000000100000000)
  eden space 12800K, 0% used [0x00000000d5580000,0x00000000d5580000,0x00000000d6200000)
  from space 1536K, 87% used [0x00000000d6380000,0x00000000d64d1210,0x00000000d6500000)
  to   space 1536K, 0% used [0x00000000d6200000,0x00000000d6200000,0x00000000d6380000)
 ParOldGen       total 186368K, used 185887K [0x0000000080000000, 0x000000008b600000, 0x00000000d5580000)
  object space 186368K, 99% used [0x0000000080000000,0x000000008b587e80,0x000000008b600000)
 Metaspace       used 69753K, committed 71424K, reserved 1114112K
  class space    used 7281K, committed 8000K, reserved 1048576K
}
Event: 2826.481 GC heap before
{Heap before GC invocations=122 (full 3):
 PSYoungGen      total 14336K, used 14148K [0x00000000d5580000, 0x00000000d6500000, 0x0000000100000000)
  eden space 12800K, 100% used [0x00000000d5580000,0x00000000d6200000,0x00000000d6200000)
  from space 1536K, 87% used [0x00000000d6380000,0x00000000d64d1210,0x00000000d6500000)
  to   space 1536K, 0% used [0x00000000d6200000,0x00000000d6200000,0x00000000d6380000)
 ParOldGen       total 186368K, used 185887K [0x0000000080000000, 0x000000008b600000, 0x00000000d5580000)
  object space 186368K, 99% used [0x0000000080000000,0x000000008b587e80,0x000000008b600000)
 Metaspace       used 70343K, committed 72000K, reserved 1114112K
  class space    used 7356K, committed 8064K, reserved 1048576K
}
Event: 2826.550 GC heap after
{Heap after GC invocations=122 (full 3):
 PSYoungGen      total 13824K, used 756K [0x00000000d5580000, 0x00000000d6400000, 0x0000000100000000)
  eden space 12800K, 0% used [0x00000000d5580000,0x00000000d5580000,0x00000000d6200000)
  from space 1024K, 73% used [0x00000000d6200000,0x00000000d62bd220,0x00000000d6300000)
  to   space 1024K, 0% used [0x00000000d6300000,0x00000000d6300000,0x00000000d6400000)
 ParOldGen       total 187392K, used 187100K [0x0000000080000000, 0x000000008b700000, 0x00000000d5580000)
  object space 187392K, 99% used [0x0000000080000000,0x000000008b6b7068,0x000000008b700000)
 Metaspace       used 70343K, committed 72000K, reserved 1114112K
  class space    used 7356K, committed 8064K, reserved 1048576K
}
Event: 2826.855 GC heap before
{Heap before GC invocations=123 (full 3):
 PSYoungGen      total 13824K, used 13556K [0x00000000d5580000, 0x00000000d6400000, 0x0000000100000000)
  eden space 12800K, 100% used [0x00000000d5580000,0x00000000d6200000,0x00000000d6200000)
  from space 1024K, 73% used [0x00000000d6200000,0x00000000d62bd220,0x00000000d6300000)
  to   space 1024K, 0% used [0x00000000d6300000,0x00000000d6300000,0x00000000d6400000)
 ParOldGen       total 187392K, used 187100K [0x0000000080000000, 0x000000008b700000, 0x00000000d5580000)
  object space 187392K, 99% used [0x0000000080000000,0x000000008b6b7068,0x000000008b700000)
 Metaspace       used 70382K, committed 72064K, reserved 1114112K
  class space    used 7356K, committed 8064K, reserved 1048576K
}
Event: 2826.861 GC heap after
{Heap after GC invocations=123 (full 3):
 PSYoungGen      total 6144K, used 1018K [0x00000000d5580000, 0x00000000d7300000, 0x0000000100000000)
  eden space 5120K, 0% used [0x00000000d5580000,0x00000000d5580000,0x00000000d5a80000)
  from space 1024K, 99% used [0x00000000d6300000,0x00000000d63fea00,0x00000000d6400000)
  to   space 8704K, 0% used [0x00000000d5a80000,0x00000000d5a80000,0x00000000d6300000)
 ParOldGen       total 193536K, used 193468K [0x0000000080000000, 0x000000008bd00000, 0x00000000d5580000)
  object space 193536K, 99% used [0x0000000080000000,0x000000008bcef250,0x000000008bd00000)
 Metaspace       used 70382K, committed 72064K, reserved 1114112K
  class space    used 7356K, committed 8064K, reserved 1048576K
}
Event: 2826.919 GC heap before
{Heap before GC invocations=124 (full 3):
 PSYoungGen      total 6144K, used 6134K [0x00000000d5580000, 0x00000000d7300000, 0x0000000100000000)
  eden space 5120K, 99% used [0x00000000d5580000,0x00000000d5a7ee78,0x00000000d5a80000)
  from space 1024K, 99% used [0x00000000d6300000,0x00000000d63fea00,0x00000000d6400000)
  to   space 8704K, 0% used [0x00000000d5a80000,0x00000000d5a80000,0x00000000d6300000)
 ParOldGen       total 193536K, used 193468K [0x0000000080000000, 0x000000008bd00000, 0x00000000d5580000)
  object space 193536K, 99% used [0x0000000080000000,0x000000008bcef250,0x000000008bd00000)
 Metaspace       used 70391K, committed 72064K, reserved 1114112K
  class space    used 7356K, committed 8064K, reserved 1048576K
}
Event: 2826.924 GC heap after
{Heap after GC invocations=124 (full 3):
 PSYoungGen      total 6144K, used 864K [0x00000000d5580000, 0x00000000d6380000, 0x0000000100000000)
  eden space 5120K, 0% used [0x00000000d5580000,0x00000000d5580000,0x00000000d5a80000)
  from space 1024K, 84% used [0x00000000d5a80000,0x00000000d5b58000,0x00000000d5b80000)
  to   space 3584K, 0% used [0x00000000d6000000,0x00000000d6000000,0x00000000d6380000)
 ParOldGen       total 194048K, used 193596K [0x0000000080000000, 0x000000008bd80000, 0x00000000d5580000)
  object space 194048K, 99% used [0x0000000080000000,0x000000008bd0f250,0x000000008bd80000)
 Metaspace       used 70391K, committed 72064K, reserved 1114112K
  class space    used 7356K, committed 8064K, reserved 1048576K
}
Event: 2826.990 GC heap before
{Heap before GC invocations=125 (full 3):
 PSYoungGen      total 6144K, used 5984K [0x00000000d5580000, 0x00000000d6380000, 0x0000000100000000)
  eden space 5120K, 100% used [0x00000000d5580000,0x00000000d5a80000,0x00000000d5a80000)
  from space 1024K, 84% used [0x00000000d5a80000,0x00000000d5b58000,0x00000000d5b80000)
  to   space 3584K, 0% used [0x00000000d6000000,0x00000000d6000000,0x00000000d6380000)
 ParOldGen       total 194048K, used 193596K [0x0000000080000000, 0x000000008bd80000, 0x00000000d5580000)
  object space 194048K, 99% used [0x0000000080000000,0x000000008bd0f250,0x000000008bd80000)
 Metaspace       used 70399K, committed 72064K, reserved 1114112K
  class space    used 7356K, committed 8064K, reserved 1048576K
}
Event: 2826.993 GC heap after
{Heap after GC invocations=125 (full 3):
 PSYoungGen      total 6144K, used 624K [0x00000000d5580000, 0x00000000d6100000, 0x0000000100000000)
  eden space 5120K, 0% used [0x00000000d5580000,0x00000000d5580000,0x00000000d5a80000)
  from space 1024K, 60% used [0x00000000d6000000,0x00000000d609c010,0x00000000d6100000)
  to   space 1536K, 0% used [0x00000000d5e00000,0x00000000d5e00000,0x00000000d5f80000)
 ParOldGen       total 194560K, used 194364K [0x0000000080000000, 0x000000008be00000, 0x00000000d5580000)
  object space 194560K, 99% used [0x0000000080000000,0x000000008bdcf270,0x000000008be00000)
 Metaspace       used 70399K, committed 72064K, reserved 1114112K
  class space    used 7356K, committed 8064K, reserved 1048576K
}

Dll operation events (11 events):
Event: 0.023 Loaded shared library c:\Users\rooba\.vscode\extensions\redhat.java-1.46.0-win32-x64\jre\21.0.8-win32-x86_64\bin\java.dll
Event: 0.152 Loaded shared library c:\Users\rooba\.vscode\extensions\redhat.java-1.46.0-win32-x64\jre\21.0.8-win32-x86_64\bin\zip.dll
Event: 0.196 Loaded shared library C:\Users\rooba\.vscode\extensions\redhat.java-1.46.0-win32-x64\jre\21.0.8-win32-x86_64\bin\instrument.dll
Event: 0.206 Loaded shared library C:\Users\rooba\.vscode\extensions\redhat.java-1.46.0-win32-x64\jre\21.0.8-win32-x86_64\bin\net.dll
Event: 0.212 Loaded shared library C:\Users\rooba\.vscode\extensions\redhat.java-1.46.0-win32-x64\jre\21.0.8-win32-x86_64\bin\nio.dll
Event: 0.221 Loaded shared library C:\Users\rooba\.vscode\extensions\redhat.java-1.46.0-win32-x64\jre\21.0.8-win32-x86_64\bin\zip.dll
Event: 0.263 Loaded shared library C:\Users\rooba\.vscode\extensions\redhat.java-1.46.0-win32-x64\jre\21.0.8-win32-x86_64\bin\jimage.dll
Event: 0.422 Loaded shared library c:\Users\rooba\.vscode\extensions\redhat.java-1.46.0-win32-x64\jre\21.0.8-win32-x86_64\bin\verify.dll
Event: 6.598 Loaded shared library C:\Users\rooba\AppData\Roaming\Code\User\globalStorage\redhat.java\1.46.0\config_win\org.eclipse.equinox.launcher\org.eclipse.equinox.launcher.win32.win32.x86_64_1.2.1400.v20250801-0854\eclipse_11916.dll
Event: 28.419 Loaded shared library C:\Users\rooba\AppData\Local\Temp\jna-108698001\jna14445310535744703974.dll
Event: 47.606 Loaded shared library C:\Users\rooba\.vscode\extensions\redhat.java-1.46.0-win32-x64\jre\21.0.8-win32-x86_64\bin\sunmscapi.dll

Deoptimization events (20 events):
Event: 2826.822 Thread 0x000001f776b31f50 Uncommon trap: trap_request=0xffffff45 fr.pc=0x000001f7235215e8 relative=0x0000000000000ae8
Event: 2826.822 Thread 0x000001f776b31f50 Uncommon trap: reason=unstable_if action=reinterpret pc=0x000001f7235215e8 method=lombok.core.configuration.FileSystemSourceCache.cacheClear()V @ 16 c2
Event: 2826.822 Thread 0x000001f776b31f50 DEOPT PACKING pc=0x000001f7235215e8 sp=0x000000c3652fda60
Event: 2826.822 Thread 0x000001f776b31f50 DEOPT UNPACKING pc=0x000001f7226d3aa2 sp=0x000000c3652fd9a0 mode 2
Event: 2826.885 Thread 0x000001f776b31230 Uncommon trap: trap_request=0xffffff45 fr.pc=0x000001f7235c01d0 relative=0x0000000000000610
Event: 2826.885 Thread 0x000001f776b31230 Uncommon trap: reason=unstable_if action=reinterpret pc=0x000001f7235c01d0 method=org.eclipse.jdt.internal.compiler.lookup.ModuleBinding.isPackageExportedTo(Lorg/eclipse/jdt/internal/compiler/lookup/PackageBinding;Lorg/eclipse/jdt/internal/compiler/lookup
Event: 2826.885 Thread 0x000001f776b31230 DEOPT PACKING pc=0x000001f7235c01d0 sp=0x000000c3651fe1b0
Event: 2826.885 Thread 0x000001f776b31230 DEOPT UNPACKING pc=0x000001f7226d3aa2 sp=0x000000c3651fe120 mode 2
Event: 2827.052 Thread 0x000001f776b31f50 Uncommon trap: trap_request=0xffffffbe fr.pc=0x000001f7235ea034 relative=0x0000000000000194
Event: 2827.052 Thread 0x000001f776b31f50 Uncommon trap: reason=profile_predicate action=maybe_recompile pc=0x000001f7235ea034 method=java.util.HashMap.keysToArray([Ljava/lang/Object;)[Ljava/lang/Object; @ 36 c2
Event: 2827.052 Thread 0x000001f776b31f50 DEOPT PACKING pc=0x000001f7235ea034 sp=0x000000c3652fe080
Event: 2827.053 Thread 0x000001f776b31f50 DEOPT UNPACKING pc=0x000001f7226d3aa2 sp=0x000000c3652fe000 mode 2
Event: 2827.094 Thread 0x000001f776b31f50 Uncommon trap: trap_request=0xffffffde fr.pc=0x000001f72304f698 relative=0x0000000000000078
Event: 2827.094 Thread 0x000001f776b31f50 Uncommon trap: reason=class_check action=maybe_recompile pc=0x000001f72304f698 method=java.util.LinkedHashMap.afterNodeInsertion(Z)V @ 15 c2
Event: 2827.094 Thread 0x000001f776b31f50 DEOPT PACKING pc=0x000001f72304f698 sp=0x000000c3652feab0
Event: 2827.094 Thread 0x000001f776b31f50 DEOPT UNPACKING pc=0x000001f7226d3aa2 sp=0x000000c3652fea28 mode 2
Event: 3980.151 Thread 0x000001f7762d5510 Uncommon trap: trap_request=0xffffff45 fr.pc=0x000001f7234d8538 relative=0x0000000000000278
Event: 3980.151 Thread 0x000001f7762d5510 Uncommon trap: reason=unstable_if action=reinterpret pc=0x000001f7234d8538 method=org.eclipse.jdt.internal.core.PackageFragment.equals(Ljava/lang/Object;)Z @ 11 c2
Event: 3980.151 Thread 0x000001f7762d5510 DEOPT PACKING pc=0x000001f7234d8538 sp=0x000000c368bfe390
Event: 3980.151 Thread 0x000001f7762d5510 DEOPT UNPACKING pc=0x000001f7226d3aa2 sp=0x000000c368bfe338 mode 2

Classes loaded (20 events):
Event: 51.401 Loading class java/nio/file/FileTreeIterator
Event: 51.401 Loading class java/nio/file/FileTreeIterator done
Event: 51.694 Loading class java/nio/file/Files$2
Event: 51.694 Loading class java/nio/file/Files$2 done
Event: 51.951 Loading class java/util/stream/DistinctOps
Event: 51.951 Loading class java/util/stream/DistinctOps done
Event: 51.952 Loading class java/util/stream/DistinctOps$1
Event: 51.952 Loading class java/util/stream/DistinctOps$1 done
Event: 51.955 Loading class java/util/stream/DistinctOps$1$2
Event: 51.955 Loading class java/util/stream/DistinctOps$1$2 done
Event: 66.103 Loading class sun/nio/cs/ISO_8859_1$Decoder
Event: 66.104 Loading class sun/nio/cs/ISO_8859_1$Decoder done
Event: 66.573 Loading class jdk/internal/ref/CleanerImpl$InnocuousThreadFactory
Event: 66.573 Loading class jdk/internal/ref/CleanerImpl$InnocuousThreadFactory done
Event: 68.548 Loading class java/util/Collections$2
Event: 68.550 Loading class java/util/Collections$2 done
Event: 68.752 Loading class java/lang/invoke/MethodHandleImpl$CountingWrapper$1
Event: 68.753 Loading class java/lang/invoke/MethodHandleImpl$CountingWrapper$1 done
Event: 69.238 Loading class java/util/HashMap$EntrySpliterator
Event: 69.273 Loading class java/util/HashMap$EntrySpliterator done

Classes unloaded (7 events):
Event: 29.602 Thread 0x000001f72e9e4b30 Unloading class 0x000001f7301ab400 'java/lang/invoke/LambdaForm$MH+0x000001f7301ab400'
Event: 29.602 Thread 0x000001f72e9e4b30 Unloading class 0x000001f7301ab000 'java/lang/invoke/LambdaForm$MH+0x000001f7301ab000'
Event: 29.602 Thread 0x000001f72e9e4b30 Unloading class 0x000001f7301aac00 'java/lang/invoke/LambdaForm$MH+0x000001f7301aac00'
Event: 29.602 Thread 0x000001f72e9e4b30 Unloading class 0x000001f7301aa800 'java/lang/invoke/LambdaForm$MH+0x000001f7301aa800'
Event: 29.602 Thread 0x000001f72e9e4b30 Unloading class 0x000001f7301aa400 'java/lang/invoke/LambdaForm$BMH+0x000001f7301aa400'
Event: 29.602 Thread 0x000001f72e9e4b30 Unloading class 0x000001f7301aa000 'java/lang/invoke/LambdaForm$DMH+0x000001f7301aa000'
Event: 29.602 Thread 0x000001f72e9e4b30 Unloading class 0x000001f7301a8c00 'java/lang/invoke/LambdaForm$DMH+0x000001f7301a8c00'

Classes redefined (0 events):
No events

Internal exceptions (20 events):
Event: 69.777 Thread 0x000001f778da5920 Exception <a 'sun/nio/fs/WindowsException'{0x00000000d57da828}> (0x00000000d57da828) 
thrown [s\src\hotspot\share\prims\jni.cpp, line 520]
Event: 69.777 Thread 0x000001f778da5920 Exception <a 'sun/nio/fs/WindowsException'{0x00000000d57db128}> (0x00000000d57db128) 
thrown [s\src\hotspot\share\prims\jni.cpp, line 520]
Event: 69.778 Thread 0x000001f778da5920 Exception <a 'sun/nio/fs/WindowsException'{0x00000000d57dcc30}> (0x00000000d57dcc30) 
thrown [s\src\hotspot\share\prims\jni.cpp, line 520]
Event: 69.778 Thread 0x000001f778da5920 Exception <a 'sun/nio/fs/WindowsException'{0x00000000d57dd530}> (0x00000000d57dd530) 
thrown [s\src\hotspot\share\prims\jni.cpp, line 520]
Event: 69.784 Thread 0x000001f778da5920 Exception <a 'sun/nio/fs/WindowsException'{0x00000000d581c820}> (0x00000000d581c820) 
thrown [s\src\hotspot\share\prims\jni.cpp, line 520]
Event: 69.784 Thread 0x000001f778da5920 Exception <a 'sun/nio/fs/WindowsException'{0x00000000d581f360}> (0x00000000d581f360) 
thrown [s\src\hotspot\share\prims\jni.cpp, line 520]
Event: 74.617 Thread 0x000001f7762d5510 Exception <a 'java/lang/IncompatibleClassChangeError'{0x00000000d5816fd0}: Found class java.lang.Object, but interface was expected> (0x00000000d5816fd0) 
thrown [s\src\hotspot\share\interpreter\linkResolver.cpp, line 840]
Event: 74.756 Thread 0x000001f778da3850 Exception <a 'sun/nio/fs/WindowsException'{0x00000000d58f9f28}> (0x00000000d58f9f28) 
thrown [s\src\hotspot\share\prims\jni.cpp, line 520]
Event: 74.757 Thread 0x000001f778da3850 Exception <a 'sun/nio/fs/WindowsException'{0x00000000d5904738}> (0x00000000d5904738) 
thrown [s\src\hotspot\share\prims\jni.cpp, line 520]
Event: 113.178 Thread 0x000001f7762d5510 Exception <a 'java/lang/IncompatibleClassChangeError'{0x00000000d608ff20}: Found class java.lang.Object, but interface was expected> (0x00000000d608ff20) 
thrown [s\src\hotspot\share\interpreter\linkResolver.cpp, line 840]
Event: 113.199 Thread 0x000001f778da3ee0 Exception <a 'java/lang/NoSuchMethodError'{0x00000000d6154790}: 'java.lang.Object java.lang.invoke.DirectMethodHandle$Holder.invokeSpecial(java.lang.Object, java.lang.Object, java.lang.Object, java.lang.Object, int, java.lang.Object, java.lang.Object)'> (0x00000000d6154790) 
thrown [s\src\hotspot\share\interpreter\linkResolver.cpp, line 773]
Event: 113.594 Thread 0x000001f7762d0ce0 Exception <a 'sun/nio/fs/WindowsException'{0x00000000d5a1b138}> (0x00000000d5a1b138) 
thrown [s\src\hotspot\share\prims\jni.cpp, line 520]
Event: 113.594 Thread 0x000001f7762d0ce0 Exception <a 'sun/nio/fs/WindowsException'{0x00000000d5a1b9e8}> (0x00000000d5a1b9e8) 
thrown [s\src\hotspot\share\prims\jni.cpp, line 520]
Event: 116.580 Thread 0x000001f7762d0ce0 Exception <a 'sun/nio/fs/WindowsException'{0x00000000d5a68528}> (0x00000000d5a68528) 
thrown [s\src\hotspot\share\prims\jni.cpp, line 520]
Event: 116.580 Thread 0x000001f7762d0ce0 Exception <a 'sun/nio/fs/WindowsException'{0x00000000d5a68dc8}> (0x00000000d5a68dc8) 
thrown [s\src\hotspot\share\prims\jni.cpp, line 520]
Event: 466.440 Thread 0x000001f7762d5510 Exception <a 'java/lang/IncompatibleClassChangeError'{0x00000000d5c0dc38}: Found class java.lang.Object, but interface was expected> (0x00000000d5c0dc38) 
thrown [s\src\hotspot\share\interpreter\linkResolver.cpp, line 840]
Event: 466.608 Thread 0x000001f778da5290 Exception <a 'java/lang/NoSuchMethodError'{0x00000000d5d07250}: 'java.lang.Object java.lang.invoke.DirectMethodHandle$Holder.invokeStatic(java.lang.Object, int, java.lang.Object)'> (0x00000000d5d07250) 
thrown [s\src\hotspot\share\interpreter\linkResolver.cpp, line 773]
Event: 2631.821 Thread 0x000001f7762d5510 Exception <a 'java/lang/IncompatibleClassChangeError'{0x00000000d5d4a868}: Found class java.lang.Object, but interface was expected> (0x00000000d5d4a868) 
thrown [s\src\hotspot\share\interpreter\linkResolver.cpp, line 840]
Event: 2826.573 Thread 0x000001f776b31230 Implicit null exception at 0x000001f7231f9bd2 to 0x000001f7231fa154
Event: 2826.885 Thread 0x000001f776b31230 Implicit null exception at 0x000001f7235bfd94 to 0x000001f7235c01c4

ZGC Phase Switch (0 events):
No events

VM Operations (20 events):
Event: 23175.128 Executing VM operation: HandshakeAllThreads (HandshakeForDeflation)
Event: 23175.128 Executing VM operation: HandshakeAllThreads (HandshakeForDeflation) done
Event: 23175.128 Executing VM operation: RendezvousGCThreads
Event: 23175.128 Executing VM operation: RendezvousGCThreads done
Event: 23295.353 Executing VM operation: HandshakeAllThreads (HandshakeForDeflation)
Event: 23295.354 Executing VM operation: HandshakeAllThreads (HandshakeForDeflation) done
Event: 23295.355 Executing VM operation: RendezvousGCThreads
Event: 23295.355 Executing VM operation: RendezvousGCThreads done
Event: 23475.709 Executing VM operation: HandshakeAllThreads (HandshakeForDeflation)
Event: 23475.709 Executing VM operation: HandshakeAllThreads (HandshakeForDeflation) done
Event: 23475.709 Executing VM operation: RendezvousGCThreads
Event: 23475.709 Executing VM operation: RendezvousGCThreads done
Event: 23535.718 Executing VM operation: HandshakeAllThreads (HandshakeForDeflation)
Event: 23535.718 Executing VM operation: HandshakeAllThreads (HandshakeForDeflation) done
Event: 23535.718 Executing VM operation: RendezvousGCThreads
Event: 23535.718 Executing VM operation: RendezvousGCThreads done
Event: 23655.809 Executing VM operation: HandshakeAllThreads (HandshakeForDeflation)
Event: 23655.809 Executing VM operation: HandshakeAllThreads (HandshakeForDeflation) done
Event: 23655.809 Executing VM operation: RendezvousGCThreads
Event: 23655.809 Executing VM operation: RendezvousGCThreads done

Memory protections (0 events):
No events

Nmethod flushes (20 events):
Event: 47.748 Thread 0x000001f72e9e4b30 flushing  nmethod 0x000001f71b914090
Event: 47.748 Thread 0x000001f72e9e4b30 flushing  nmethod 0x000001f71b916a90
Event: 47.748 Thread 0x000001f72e9e4b30 flushing  nmethod 0x000001f71b918510
Event: 47.748 Thread 0x000001f72e9e4b30 flushing  nmethod 0x000001f71b920e10
Event: 47.748 Thread 0x000001f72e9e4b30 flushing  nmethod 0x000001f71b942710
Event: 47.748 Thread 0x000001f72e9e4b30 flushing osr nmethod 0x000001f71b94bb10
Event: 47.748 Thread 0x000001f72e9e4b30 flushing osr nmethod 0x000001f71b94d810
Event: 47.748 Thread 0x000001f72e9e4b30 flushing osr nmethod 0x000001f71b98bd10
Event: 47.748 Thread 0x000001f72e9e4b30 flushing  nmethod 0x000001f71b9aca90
Event: 47.748 Thread 0x000001f72e9e4b30 flushing  nmethod 0x000001f71b9b9d90
Event: 47.748 Thread 0x000001f72e9e4b30 flushing  nmethod 0x000001f71b9c9a10
Event: 47.748 Thread 0x000001f72e9e4b30 flushing  nmethod 0x000001f71b9e1310
Event: 47.748 Thread 0x000001f72e9e4b30 flushing  nmethod 0x000001f71b9e1c90
Event: 47.748 Thread 0x000001f72e9e4b30 flushing  nmethod 0x000001f71b9e5190
Event: 47.748 Thread 0x000001f72e9e4b30 flushing  nmethod 0x000001f71b9fab10
Event: 47.748 Thread 0x000001f72e9e4b30 flushing  nmethod 0x000001f71b9fb210
Event: 47.748 Thread 0x000001f72e9e4b30 flushing  nmethod 0x000001f71b9fb810
Event: 47.748 Thread 0x000001f72e9e4b30 flushing  nmethod 0x000001f71b9fc090
Event: 47.748 Thread 0x000001f72e9e4b30 flushing  nmethod 0x000001f71ba02710
Event: 47.748 Thread 0x000001f72e9e4b30 flushing  nmethod 0x000001f71ba12090

Events (20 events):
Event: 646.651 Thread 0x000001f778da6cd0 Thread exited: 0x000001f778da6cd0
Event: 706.661 Thread 0x000001f778da4c00 Thread exited: 0x000001f778da4c00
Event: 766.674 Thread 0x000001f778da2b30 Thread exited: 0x000001f778da2b30
Event: 826.690 Thread 0x000001f778da6640 Thread exited: 0x000001f778da6640
Event: 2631.901 Thread 0x000001f7762d5510 Thread added: 0x000001f776b318c0
Event: 2691.969 Thread 0x000001f776b318c0 Thread exited: 0x000001f776b318c0
Event: 2696.279 Thread 0x000001f7762d5510 Thread added: 0x000001f776b31230
Event: 2757.308 Thread 0x000001f776b31230 Thread exited: 0x000001f776b31230
Event: 2821.605 Thread 0x000001f7762d5510 Thread added: 0x000001f776b31230
Event: 2826.441 Thread 0x000001f776b31230 Thread added: 0x000001f776b31f50
Event: 2826.442 Thread 0x000001f776b31f50 Thread added: 0x000001f776b34d40
Event: 2826.443 Thread 0x000001f776b31230 Thread added: 0x000001f776b318c0
Event: 2826.845 Thread 0x000001f770e295e0 Thread added: 0x000001f77aae5cb0
Event: 2826.845 Thread 0x000001f770e295e0 Thread added: 0x000001f77aae77f0
Event: 2832.169 Thread 0x000001f77aae77f0 Thread exited: 0x000001f77aae77f0
Event: 2837.154 Thread 0x000001f77aae5cb0 Thread exited: 0x000001f77aae5cb0
Event: 2887.104 Thread 0x000001f776b31f50 Thread exited: 0x000001f776b31f50
Event: 2947.115 Thread 0x000001f776b31230 Thread exited: 0x000001f776b31230
Event: 3007.128 Thread 0x000001f776b318c0 Thread exited: 0x000001f776b318c0
Event: 3067.134 Thread 0x000001f776b34d40 Thread exited: 0x000001f776b34d40


Dynamic libraries:
0x00007ff626020000 - 0x00007ff62602e000 	c:\Users\rooba\.vscode\extensions\redhat.java-1.46.0-win32-x64\jre\21.0.8-win32-x86_64\bin\java.exe
0x00007ffe45dc0000 - 0x00007ffe46028000 	C:\WINDOWS\SYSTEM32\ntdll.dll
0x00007ffe43e50000 - 0x00007ffe43f19000 	C:\WINDOWS\System32\KERNEL32.DLL
0x00007ffe42f50000 - 0x00007ffe43342000 	C:\WINDOWS\System32\KERNELBASE.dll
0x00007ffe3ffe0000 - 0x00007ffe4007f000 	C:\WINDOWS\SYSTEM32\apphelp.dll
0x00007ffe43750000 - 0x00007ffe4389b000 	C:\WINDOWS\System32\ucrtbase.dll
0x00007ffe1c110000 - 0x00007ffe1c128000 	c:\Users\rooba\.vscode\extensions\redhat.java-1.46.0-win32-x64\jre\21.0.8-win32-x86_64\bin\jli.dll
0x00007ffe452f0000 - 0x00007ffe454b5000 	C:\WINDOWS\System32\USER32.dll
0x00007ffe1e610000 - 0x00007ffe1e62e000 	c:\Users\rooba\.vscode\extensions\redhat.java-1.46.0-win32-x64\jre\21.0.8-win32-x86_64\bin\VCRUNTIME140.dll
0x00007ffe438a0000 - 0x00007ffe438c7000 	C:\WINDOWS\System32\win32u.dll
0x00007ffe454c0000 - 0x00007ffe454eb000 	C:\WINDOWS\System32\GDI32.dll
0x00007ffe43350000 - 0x00007ffe4347d000 	C:\WINDOWS\System32\gdi32full.dll
0x00007ffe29e20000 - 0x00007ffe2a0b3000 	C:\WINDOWS\WinSxS\amd64_microsoft.windows.common-controls_6595b64144ccf1df_6.0.26100.6899_none_3e0efeeae32e88c1\COMCTL32.dll
0x00007ffe43960000 - 0x00007ffe43a03000 	C:\WINDOWS\System32\msvcp_win.dll
0x00007ffe441e0000 - 0x00007ffe44289000 	C:\WINDOWS\System32\msvcrt.dll
0x00007ffe45d40000 - 0x00007ffe45d6f000 	C:\WINDOWS\System32\IMM32.DLL
0x00007ffe3fc40000 - 0x00007ffe3fc4c000 	c:\Users\rooba\.vscode\extensions\redhat.java-1.46.0-win32-x64\jre\21.0.8-win32-x86_64\bin\vcruntime140_1.dll
0x00007ffdc2c30000 - 0x00007ffdc2cbd000 	c:\Users\rooba\.vscode\extensions\redhat.java-1.46.0-win32-x64\jre\21.0.8-win32-x86_64\bin\msvcp140.dll
0x00007ffda67c0000 - 0x00007ffda7557000 	c:\Users\rooba\.vscode\extensions\redhat.java-1.46.0-win32-x64\jre\21.0.8-win32-x86_64\bin\server\jvm.dll
0x00007ffe44120000 - 0x00007ffe441d4000 	C:\WINDOWS\System32\ADVAPI32.dll
0x00007ffe43c00000 - 0x00007ffe43ca6000 	C:\WINDOWS\System32\sechost.dll
0x00007ffe44a80000 - 0x00007ffe44b98000 	C:\WINDOWS\System32\RPCRT4.dll
0x00007ffe44420000 - 0x00007ffe44494000 	C:\WINDOWS\System32\WS2_32.dll
0x00007ffe42c10000 - 0x00007ffe42c6e000 	C:\WINDOWS\SYSTEM32\POWRPROF.dll
0x00007ffe3a9f0000 - 0x00007ffe3aa25000 	C:\WINDOWS\SYSTEM32\WINMM.dll
0x00007ffe3aa30000 - 0x00007ffe3aa3b000 	C:\WINDOWS\SYSTEM32\VERSION.dll
0x00007ffe42bf0000 - 0x00007ffe42c04000 	C:\WINDOWS\SYSTEM32\UMPDC.dll
0x00007ffe41d20000 - 0x00007ffe41d3b000 	C:\WINDOWS\SYSTEM32\kernel.appcore.dll
0x00007ffe3d210000 - 0x00007ffe3d21a000 	c:\Users\rooba\.vscode\extensions\redhat.java-1.46.0-win32-x64\jre\21.0.8-win32-x86_64\bin\jimage.dll
0x00007ffe37af0000 - 0x00007ffe37d32000 	C:\WINDOWS\SYSTEM32\DBGHELP.DLL
0x00007ffe444b0000 - 0x00007ffe4482b000 	C:\WINDOWS\System32\combase.dll
0x00007ffe44860000 - 0x00007ffe44937000 	C:\WINDOWS\System32\OLEAUT32.dll
0x00007ffe2a100000 - 0x00007ffe2a13c000 	C:\WINDOWS\SYSTEM32\dbgcore.DLL
0x00007ffe435f0000 - 0x00007ffe43688000 	C:\WINDOWS\System32\bcryptPrimitives.dll
0x00007ffe3bd40000 - 0x00007ffe3bd4f000 	c:\Users\rooba\.vscode\extensions\redhat.java-1.46.0-win32-x64\jre\21.0.8-win32-x86_64\bin\instrument.dll
0x00007ffe1bfe0000 - 0x00007ffe1bfff000 	c:\Users\rooba\.vscode\extensions\redhat.java-1.46.0-win32-x64\jre\21.0.8-win32-x86_64\bin\java.dll
0x00007ffe454f0000 - 0x00007ffe45c3d000 	C:\WINDOWS\System32\SHELL32.dll
0x00007ffe43480000 - 0x00007ffe435eb000 	C:\WINDOWS\System32\wintypes.dll
0x00007ffe40b70000 - 0x00007ffe413cd000 	C:\WINDOWS\SYSTEM32\windows.storage.dll
0x00007ffe44290000 - 0x00007ffe44382000 	C:\WINDOWS\System32\SHCORE.dll
0x00007ffe44940000 - 0x00007ffe449a2000 	C:\WINDOWS\System32\shlwapi.dll
0x00007ffe42e70000 - 0x00007ffe42e99000 	C:\WINDOWS\SYSTEM32\profapi.dll
0x00007ffe107f0000 - 0x00007ffe10808000 	c:\Users\rooba\.vscode\extensions\redhat.java-1.46.0-win32-x64\jre\21.0.8-win32-x86_64\bin\zip.dll
0x00007ffe3bae0000 - 0x00007ffe3baf0000 	C:\Users\rooba\.vscode\extensions\redhat.java-1.46.0-win32-x64\jre\21.0.8-win32-x86_64\bin\net.dll
0x00007ffe3ca10000 - 0x00007ffe3cb2f000 	C:\WINDOWS\SYSTEM32\WINHTTP.dll
0x00007ffe42290000 - 0x00007ffe422fb000 	C:\WINDOWS\system32\mswsock.dll
0x00007ffdf9e40000 - 0x00007ffdf9e56000 	C:\Users\rooba\.vscode\extensions\redhat.java-1.46.0-win32-x64\jre\21.0.8-win32-x86_64\bin\nio.dll
0x00007ffe36cf0000 - 0x00007ffe36d00000 	c:\Users\rooba\.vscode\extensions\redhat.java-1.46.0-win32-x64\jre\21.0.8-win32-x86_64\bin\verify.dll
0x00007ffdc7210000 - 0x00007ffdc7254000 	C:\Users\rooba\AppData\Roaming\Code\User\globalStorage\redhat.java\1.46.0\config_win\org.eclipse.equinox.launcher\org.eclipse.equinox.launcher.win32.win32.x86_64_1.2.1400.v20250801-0854\eclipse_11916.dll
0x00007ffe43cb0000 - 0x00007ffe43e48000 	C:\WINDOWS\System32\ole32.dll
0x00007ffe42540000 - 0x00007ffe4255b000 	C:\WINDOWS\SYSTEM32\CRYPTSP.dll
0x00007ffe41c80000 - 0x00007ffe41cbb000 	C:\WINDOWS\system32\rsaenh.dll
0x00007ffe42330000 - 0x00007ffe4235b000 	C:\WINDOWS\SYSTEM32\USERENV.dll
0x00007ffe42e40000 - 0x00007ffe42e66000 	C:\WINDOWS\SYSTEM32\bcrypt.dll
0x00007ffe42560000 - 0x00007ffe4256c000 	C:\WINDOWS\SYSTEM32\CRYPTBASE.dll
0x00007ffe417a0000 - 0x00007ffe417d4000 	C:\WINDOWS\SYSTEM32\IPHLPAPI.DLL
0x00007ffe444a0000 - 0x00007ffe444aa000 	C:\WINDOWS\System32\NSI.dll
0x00007ffdc3990000 - 0x00007ffdc39d9000 	C:\Users\rooba\AppData\Local\Temp\jna-108698001\jna14445310535744703974.dll
0x00007ffe449b0000 - 0x00007ffe449b8000 	C:\WINDOWS\System32\PSAPI.DLL
0x00007ffe3d490000 - 0x00007ffe3d4ae000 	C:\WINDOWS\SYSTEM32\dhcpcsvc6.DLL
0x00007ffe3d0e0000 - 0x00007ffe3d103000 	C:\WINDOWS\SYSTEM32\dhcpcsvc.DLL
0x00007ffe333f0000 - 0x00007ffe333fe000 	C:\Users\rooba\.vscode\extensions\redhat.java-1.46.0-win32-x64\jre\21.0.8-win32-x86_64\bin\sunmscapi.dll
0x00007ffe43a10000 - 0x00007ffe43b87000 	C:\WINDOWS\System32\CRYPT32.dll
0x00007ffe42760000 - 0x00007ffe42790000 	C:\WINDOWS\SYSTEM32\ncrypt.dll
0x00007ffe42710000 - 0x00007ffe4274f000 	C:\WINDOWS\SYSTEM32\NTASN1.dll

JVMTI agents:
c:\Users\rooba\.vscode\extensions\redhat.java-1.46.0-win32-x64\lombok\lombok-1.18.39-4050.jar path:c:\Users\rooba\.vscode\extensions\redhat.java-1.46.0-win32-x64\jre\21.0.8-win32-x86_64\bin\instrument.dll, loaded, initialized, instrumentlib options:none

dbghelp: loaded successfully - version: 4.0.5 - missing functions: none
symbol engine: initialized successfully - sym options: 0x614 - pdb path: .;c:\Users\rooba\.vscode\extensions\redhat.java-1.46.0-win32-x64\jre\21.0.8-win32-x86_64\bin;C:\WINDOWS\SYSTEM32;C:\WINDOWS\WinSxS\amd64_microsoft.windows.common-controls_6595b64144ccf1df_6.0.26100.6899_none_3e0efeeae32e88c1;c:\Users\rooba\.vscode\extensions\redhat.java-1.46.0-win32-x64\jre\21.0.8-win32-x86_64\bin\server;C:\Users\rooba\AppData\Roaming\Code\User\globalStorage\redhat.java\1.46.0\config_win\org.eclipse.equinox.launcher\org.eclipse.equinox.launcher.win32.win32.x86_64_1.2.1400.v20250801-0854;C:\Users\rooba\AppData\Local\Temp\jna-108698001

VM Arguments:
jvm_args: --add-modules=ALL-SYSTEM --add-opens=java.base/java.util=ALL-UNNAMED --add-opens=java.base/java.lang=ALL-UNNAMED --add-opens=java.base/sun.nio.fs=ALL-UNNAMED -Declipse.application=org.eclipse.jdt.ls.core.id1 -Dosgi.bundles.defaultStartLevel=4 -Declipse.product=org.eclipse.jdt.ls.core.product -Djava.import.generatesMetadataFilesAtProjectRoot=false -DDetectVMInstallationsJob.disabled=true -Dfile.encoding=utf8 -XX:+UseParallelGC -XX:GCTimeRatio=4 -XX:AdaptiveSizePolicyWeight=90 -Dsun.zip.disableMemoryMapping=true -Xmx2G -Xms100m -Xlog:disable -javaagent:c:\Users\rooba\.vscode\extensions\redhat.java-1.46.0-win32-x64\lombok\lombok-1.18.39-4050.jar -XX:+HeapDumpOnOutOfMemoryError -XX:HeapDumpPath=c:\Users\rooba\AppData\Roaming\Code\User\workspaceStorage\24b7f209f58478b4f768c47abc3bd33f\redhat.java -Daether.dependencyCollector.impl=bf 
java_command: c:\Users\rooba\.vscode\extensions\redhat.java-1.46.0-win32-x64\server\plugins\org.eclipse.equinox.launcher_1.7.0.v20250519-0528.jar -configuration c:\Users\rooba\AppData\Roaming\Code\User\globalStorage\redhat.java\1.46.0\config_win -data c:\Users\rooba\AppData\Roaming\Code\User\workspaceStorage\24b7f209f58478b4f768c47abc3bd33f\redhat.java\jdt_ws --pipe=\\.\pipe\lsp-9e5b0c8af115db13382bd4307efebf19-sock
java_class_path (initial): c:\Users\rooba\.vscode\extensions\redhat.java-1.46.0-win32-x64\server\plugins\org.eclipse.equinox.launcher_1.7.0.v20250519-0528.jar
Launcher Type: SUN_STANDARD

[Global flags]
    uintx AdaptiveSizePolicyWeight                 = 90                                        {product} {command line}
     intx CICompilerCount                          = 4                                         {product} {ergonomic}
    uintx GCTimeRatio                              = 4                                         {product} {command line}
     bool HeapDumpOnOutOfMemoryError               = true                                   {manageable} {command line}
    ccstr HeapDumpPath                             = c:\Users\rooba\AppData\Roaming\Code\User\workspaceStorage\24b7f209f58478b4f768c47abc3bd33f\redhat.java         {manageable} {command line}
   size_t InitialHeapSize                          = 104857600                                 {product} {command line}
   size_t MaxHeapSize                              = 2147483648                                {product} {command line}
   size_t MaxNewSize                               = 715653120                                 {product} {ergonomic}
   size_t MinHeapDeltaBytes                        = 524288                                    {product} {ergonomic}
   size_t MinHeapSize                              = 104857600                                 {product} {command line}
   size_t NewSize                                  = 34603008                                  {product} {ergonomic}
    uintx NonNMethodCodeHeapSize                   = 5839372                                {pd product} {ergonomic}
    uintx NonProfiledCodeHeapSize                  = 122909434                              {pd product} {ergonomic}
   size_t OldSize                                  = 70254592                                  {product} {ergonomic}
    uintx ProfiledCodeHeapSize                     = 122909434                              {pd product} {ergonomic}
    uintx ReservedCodeCacheSize                    = 251658240                              {pd product} {ergonomic}
     bool SegmentedCodeCache                       = true                                      {product} {ergonomic}
   size_t SoftMaxHeapSize                          = 2147483648                             {manageable} {ergonomic}
     bool UseCompressedOops                        = true                           {product lp64_product} {ergonomic}
     bool UseLargePagesIndividualAllocation        = false                                  {pd product} {ergonomic}
     bool UseParallelGC                            = true                                      {product} {command line}

Logging:
Log output configuration:
 #0: stdout all=off uptime,level,tags foldmultilines=false
 #1: stderr all=off uptime,level,tags foldmultilines=false

Environment Variables:
PATH=C:\Program Files (x86)\VMware\VMware Workstation\bin\;C:\Program Files\Common Files\Oracle\Java\javapath;C:\windows\system32;C:\windows;C:\windows\System32\Wbem;C:\windows\System32\WindowsPowerShell\v1.0\;C:\windows\System32\OpenSSH\;C:\Program Files\HP\HP One Agent;C:\Program Files\dotnet\;C:\Program Files\nodejs\;C:\WINDOWS\system32;C:\WINDOWS;C:\WINDOWS\System32\Wbem;C:\WINDOWS\System32\WindowsPowerShell\v1.0\;C:\WINDOWS\System32\OpenSSH\;D:\AWS\;C:\Users\rooba\AppData\Local\Microsoft\WindowsApps\python.exe;C:\Program Files\Git\cmd;C:\Users\rooba\AppData\Local\Microsoft\WindowsApps\python.exe;C:\Program Files\apache-maven-3.9.11\bin;C:\Program Files\Cloudflare\Cloudflare WARP\;C:\Users\rooba\AppData\Local\Programs\Python\Python310\Scripts\;C:\Users\rooba\AppData\Local\Programs\Python\Python310\;C:\Users\rooba\AppData\Local\Programs\Python\Launcher\;C:\Program Files\MySQL\MySQL Shell 8.0\bin\;C:\Users\rooba\AppData\Local\Microsoft\WindowsApps;C:\Users\rooba\AppData\Local\Programs\Microsoft VS Code\bin;C:\Users\rooba\AppData\Roaming\npm;C:\Users\rooba\AppData\Local\JetBrains\Toolbox\scripts;C:\Users\rooba\AppData\Local\Microsoft\WindowsApps;
USERNAME=rooba
OS=Windows_NT
PROCESSOR_IDENTIFIER=AMD64 Family 25 Model 80 Stepping 0, AuthenticAMD
TMP=C:\Users\rooba\AppData\Local\Temp
TEMP=C:\Users\rooba\AppData\Local\Temp




Periodic native trim disabled

---------------  S Y S T E M  ---------------

OS:
 Windows 11 , 64 bit Build 26100 (10.0.26100.6725)
OS uptime: 1 days 0:52 hours
Hyper-V role detected

CPU: total 12 (initial active 12) (12 cores per cpu, 2 threads per core) family 25 model 80 stepping 0 microcode 0xa50000d, cx8, cmov, fxsr, ht, mmx, 3dnowpref, sse, sse2, sse3, ssse3, sse4a, sse4.1, sse4.2, popcnt, lzcnt, tsc, tscinvbit, avx, avx2, aes, erms, clmul, bmi1, bmi2, adx, sha, fma, vzeroupper, clflush, clflushopt, hv, rdtscp, rdpid, fsrm, f16c, cet_ss
Processor Information for processor 0
  Max Mhz: 2301, Current Mhz: 1904, Mhz Limit: 2301
Processor Information for processor 1
  Max Mhz: 2301, Current Mhz: 1798, Mhz Limit: 2301
Processor Information for processor 2
  Max Mhz: 2301, Current Mhz: 1904, Mhz Limit: 2301
Processor Information for processor 3
  Max Mhz: 2301, Current Mhz: 1904, Mhz Limit: 2301
Processor Information for processor 4
  Max Mhz: 2301, Current Mhz: 1904, Mhz Limit: 2301
Processor Information for processor 5
  Max Mhz: 2301, Current Mhz: 1904, Mhz Limit: 2301
Processor Information for processor 6
  Max Mhz: 2301, Current Mhz: 1904, Mhz Limit: 2301
Processor Information for processor 7
  Max Mhz: 2301, Current Mhz: 1904, Mhz Limit: 2301
Processor Information for processor 8
  Max Mhz: 2301, Current Mhz: 1798, Mhz Limit: 2301
Processor Information for processor 9
  Max Mhz: 2301, Current Mhz: 1904, Mhz Limit: 2301
Processor Information for processor 10
  Max Mhz: 2301, Current Mhz: 1904, Mhz Limit: 2301
Processor Information for processor 11
  Max Mhz: 2301, Current Mhz: 1798, Mhz Limit: 2301

Memory: 4k page, system-wide physical 7520M (1439M free)
TotalPageFile size 25011M (AvailPageFile size 96M)
current process WorkingSet (physical memory assigned to process): 10M, peak: 488M
current process commit charge ("private bytes"): 524M, peak: 618M

vm_info: OpenJDK 64-Bit Server VM (21.0.8+9-LTS) for windows-amd64 JRE (21.0.8+9-LTS), built on 2025-07-15T00:00:00Z by "admin" with MS VC++ 17.7 (VS2022)

END.
